Palindromes of: input.fasta
Sequence name: MCHU
Sequence length is: 48
Start at position: 1
End at position: 48
Minimum length of Palindromes is: 10
Maximum length of Palindromes is: 100
Maximum gap between elements is: 10
Number of mismatches allowed in Palindrome: 0



Palindromes:
7        twgtgtgtwkmm       18
         ||||||||||||
31       ah*nn-nddbkk       20

8        wgtgtgtwkmmm       19
         ||||||||||||
31       ah*nn-nddbkk       20

10       tgtgtwkmmm       19
         ||||||||||
30       h*nn-nddbk       21

10       tgtgtwkmmm       19
         ||||||||||
31       ah*nn-nddb       22

12       tgtwkmmmkk       21
         ||||||||||
31       ah*nn-nddb       22

16       kmmmkkbddn       25
         ||||||||||
35       wttgah*nn-       26

17       mmmkkbddn-nn*h       30
         ||||||||||||||
46       gugannvvvugwtt       33

19       mkkbddn-nn*h       30
         ||||||||||||
42       nnvvvugwttga       31

20       kkbddn-nn*h       30
         |||||||||||
42       nnvvvugwttg       32

21       kbddn-nn*ha       31
         |||||||||||
43       annvvvugwtt       33

22       bddn-nn*ha       31
         ||||||||||
43       annvvvugwt       34

22       bddn-nn*ha       31
         ||||||||||
44       gannvvvugw       35

24       dn-nn*hagttw       35
         ||||||||||||
48       atgugannvvvu       37

25       n-nn*hagttw       35
         |||||||||||
48       atgugannvvv       38


